# JRE version: OpenJDK Runtime Environment Temurin-21.0.8+9 (21.0.8+9) (build 21.0.8+9-LTS)
# Java VM: OpenJDK 64-Bit Server VM Temurin-21.0.8+9 (21.0.8+9-LTS, mixed mode, sharing, tiered, compressed oops, compressed class ptrs, parallel gc, linux-amd64)
GC Precious Log:
 CardTable entry size: 512
 CPUs: 16 total, 16 available
 Memory: 15389M
 Large Page Support: Disabled
 NUMA Support: Disabled
 Compressed Oops: Enabled (32-bit)
 Alignments: Space 512K, Generation 512K, Heap 2M
 Heap Min Capacity: 100M
 Heap Initial Capacity: 100M
 Heap Max Capacity: 2G
 Pre-touch: Disabled
 Parallel Workers: 13
Heap:
 PSYoungGen      total 3072K, used 858K [0x00000000d5580000, 0x00000000d5a00000, 0x0000000100000000)
  eden space 2560K, 18% used [0x00000000d5580000,0x00000000d55f6aa8,0x00000000d5800000)
  from space 512K, 75% used [0x00000000d5980000,0x00000000d59e0000,0x00000000d5a00000)
  to   space 512K, 0% used [0x00000000d5900000,0x00000000d5900000,0x00000000d5980000)
 ParOldGen       total 444416K, used 443058K [0x0000000080000000, 0x000000009b200000, 0x00000000d5580000)
  object space 444416K, 99% used [0x0000000080000000,0x000000009b0acae0,0x000000009b200000)
 Metaspace       used 105678K, committed 107456K, reserved 1179648K
  class space    used 10437K, committed 11264K, reserved 1048576K
GC Heap History (20 events):
Event: 14509.245 GC heap before
{Heap before GC invocations=9930 (full 12):
 PSYoungGen      total 3072K, used 2816K [0x00000000d5580000, 0x00000000d5a00000, 0x0000000100000000)
  eden space 2048K, 100% used [0x00000000d5580000,0x00000000d5780000,0x00000000d5780000)
  from space 1024K, 75% used [0x00000000d5900000,0x00000000d59c0000,0x00000000d5a00000)
  to   space 1024K, 0% used [0x00000000d5800000,0x00000000d5800000,0x00000000d5900000)
 ParOldGen       total 410624K, used 410304K [0x0000000080000000, 0x0000000099100000, 0x00000000d5580000)
  object space 410624K, 99% used [0x0000000080000000,0x00000000990b0320,0x0000000099100000)
 Metaspace       used 105624K, committed 107392K, reserved 1179648K
  class space    used 10433K, committed 11264K, reserved 1048576K
}
Event: 14509.246 GC heap after
{Heap after GC invocations=9930 (full 12):
 PSYoungGen      total 3584K, used 512K [0x00000000d5580000, 0x00000000d5a00000, 0x0000000100000000)
  eden space 2560K, 0% used [0x00000000d5580000,0x00000000d5580000,0x00000000d5800000)
  from space 1024K, 50% used [0x00000000d5800000,0x00000000d5880000,0x00000000d5900000)
  to   space 1024K, 0% used [0x00000000d5900000,0x00000000d5900000,0x00000000d5a00000)
 ParOldGen       total 411136K, used 410936K [0x0000000080000000, 0x0000000099180000, 0x00000000d5580000)
  object space 411136K, 99% used [0x0000000080000000,0x000000009914e320,0x0000000099180000)
 Metaspace       used 105624K, committed 107392K, reserved 1179648K
  class space    used 10433K, committed 11264K, reserved 1048576K
}
Event: 14509.251 GC heap before
{Heap before GC invocations=9931 (full 12):
 PSYoungGen      total 3584K, used 3002K [0x00000000d5580000, 0x00000000d5a00000, 0x0000000100000000)
  eden space 2560K, 97% used [0x00000000d5580000,0x00000000d57eeb78,0x00000000d5800000)
  from space 1024K, 50% used [0x00000000d5800000,0x00000000d5880000,0x00000000d5900000)
  to   space 1024K, 0% used [0x00000000d5900000,0x00000000d5900000,0x00000000d5a00000)
 ParOldGen       total 411136K, used 410936K [0x0000000080000000, 0x0000000099180000, 0x00000000d5580000)
  object space 411136K, 99% used [0x0000000080000000,0x000000009914e320,0x0000000099180000)
 Metaspace       used 105626K, committed 107392K, reserved 1179648K
  class space    used 10433K, committed 11264K, reserved 1048576K
}
Event: 14509.252 GC heap after
{Heap after GC invocations=9931 (full 12):
 PSYoungGen      total 3072K, used 1021K [0x00000000d5580000, 0x00000000d5b80000, 0x0000000100000000)
  eden space 2048K, 0% used [0x00000000d5580000,0x00000000d5580000,0x00000000d5780000)
  from space 1024K, 99% used [0x00000000d5900000,0x00000000d59ff460,0x00000000d5a00000)
  to   space 1536K, 0% used [0x00000000d5780000,0x00000000d5780000,0x00000000d5900000)
 ParOldGen       total 411648K, used 411279K [0x0000000080000000, 0x0000000099200000, 0x00000000d5580000)
  object space 411648K, 99% used [0x0000000080000000,0x00000000991a3db8,0x0000000099200000)
 Metaspace       used 105626K, committed 107392K, reserved 1179648K
  class space    used 10433K, committed 11264K, reserved 1048576K
}
Event: 14509.255 GC heap before
{Heap before GC invocations=9932 (full 12):
 PSYoungGen      total 3072K, used 3069K [0x00000000d5580000, 0x00000000d5b80000, 0x0000000100000000)
  eden space 2048K, 100% used [0x00000000d5580000,0x00000000d5780000,0x00000000d5780000)
  from space 1024K, 99% used [0x00000000d5900000,0x00000000d59ff460,0x00000000d5a00000)
  to   space 1536K, 0% used [0x00000000d5780000,0x00000000d5780000,0x00000000d5900000)
 ParOldGen       total 411648K, used 411279K [0x0000000080000000, 0x0000000099200000, 0x00000000d5580000)
  object space 411648K, 99% used [0x0000000080000000,0x00000000991a3db8,0x0000000099200000)
 Metaspace       used 105626K, committed 107392K, reserved 1179648K
  class space    used 10433K, committed 11264K, reserved 1048576K
}
Event: 14509.256 GC heap after
{Heap after GC invocations=9932 (full 12):
 PSYoungGen      total 3584K, used 1325K [0x00000000d5580000, 0x00000000d5b00000, 0x0000000100000000)
  eden space 2048K, 0% used [0x00000000d5580000,0x00000000d5580000,0x00000000d5780000)
  from space 1536K, 86% used [0x00000000d5780000,0x00000000d58cb6c0,0x00000000d5900000)
  to   space 1536K, 0% used [0x00000000d5980000,0x00000000d5980000,0x00000000d5b00000)
 ParOldGen       total 411648K, used 411455K [0x0000000080000000, 0x0000000099200000, 0x00000000d5580000)
  object space 411648K, 99% used [0x0000000080000000,0x00000000991cfdc8,0x0000000099200000)
 Metaspace       used 105626K, committed 107392K, reserved 1179648K
  class space    used 10433K, committed 11264K, reserved 1048576K
}
Event: 14509.258 GC heap before
{Heap before GC invocations=9933 (full 12):
 PSYoungGen      total 3584K, used 3373K [0x00000000d5580000, 0x00000000d5b00000, 0x0000000100000000)
  eden space 2048K, 100% used [0x00000000d5580000,0x00000000d5780000,0x00000000d5780000)
  from space 1536K, 86% used [0x00000000d5780000,0x00000000d58cb6c0,0x00000000d5900000)
  to   space 1536K, 0% used [0x00000000d5980000,0x00000000d5980000,0x00000000d5b00000)
 ParOldGen       total 411648K, used 411455K [0x0000000080000000, 0x0000000099200000, 0x00000000d5580000)
  object space 411648K, 99% used [0x0000000080000000,0x00000000991cfdc8,0x0000000099200000)
 Metaspace       used 105626K, committed 107392K, reserved 1179648K
  class space    used 10433K, committed 11264K, reserved 1048576K
}
Event: 14509.260 GC heap after
{Heap after GC invocations=9933 (full 12):
 PSYoungGen      total 3072K, used 447K [0x00000000d5580000, 0x00000000d5a00000, 0x0000000100000000)
  eden space 2560K, 0% used [0x00000000d5580000,0x00000000d5580000,0x00000000d5800000)
  from space 512K, 87% used [0x00000000d5980000,0x00000000d59efdd0,0x00000000d5a00000)
  to   space 1024K, 0% used [0x00000000d5800000,0x00000000d5800000,0x00000000d5900000)
 ParOldGen       total 412160K, used 411682K [0x0000000080000000, 0x0000000099280000, 0x00000000d5580000)
  object space 412160K, 99% used [0x0000000080000000,0x0000000099208a40,0x0000000099280000)
 Metaspace       used 105626K, committed 107392K, reserved 1179648K
  class space    used 10433K, committed 11264K, reserved 1048576K
}
Event: 14509.266 GC heap before
{Heap before GC invocations=9934 (full 12):
 PSYoungGen      total 3072K, used 3007K [0x00000000d5580000, 0x00000000d5a00000, 0x0000000100000000)
  eden space 2560K, 100% used [0x00000000d5580000,0x00000000d5800000,0x00000000d5800000)
  from space 512K, 87% used [0x00000000d5980000,0x00000000d59efdd0,0x00000000d5a00000)
  to   space 1024K, 0% used [0x00000000d5800000,0x00000000d5800000,0x00000000d5900000)
 ParOldGen       total 412160K, used 411682K [0x0000000080000000, 0x0000000099280000, 0x00000000d5580000)
  object space 412160K, 99% used [0x0000000080000000,0x0000000099208a40,0x0000000099280000)
 Metaspace       used 105626K, committed 107392K, reserved 1179648K
  class space    used 10433K, committed 11264K, reserved 1048576K
}
Event: 14509.267 GC heap after
{Heap after GC invocations=9934 (full 12):
 PSYoungGen      total 3584K, used 288K [0x00000000d5580000, 0x00000000d5a00000, 0x0000000100000000)
  eden space 2560K, 0% used [0x00000000d5580000,0x00000000d5580000,0x00000000d5800000)
  from space 1024K, 28% used [0x00000000d5800000,0x00000000d5848000,0x00000000d5900000)
  to   space 512K, 0% used [0x00000000d5980000,0x00000000d5980000,0x00000000d5a00000)
 ParOldGen       total 412160K, used 411738K [0x0000000080000000, 0x0000000099280000, 0x00000000d5580000)
  object space 412160K, 99% used [0x0000000080000000,0x0000000099216a40,0x0000000099280000)
 Metaspace       used 105626K, committed 107392K, reserved 1179648K
  class space    used 10433K, committed 11264K, reserved 1048576K
}
Event: 14509.275 GC heap before
{Heap before GC invocations=9935 (full 12):
 PSYoungGen      total 3584K, used 2848K [0x00000000d5580000, 0x00000000d5a00000, 0x0000000100000000)
  eden space 2560K, 100% used [0x00000000d5580000,0x00000000d5800000,0x00000000d5800000)
  from space 1024K, 28% used [0x00000000d5800000,0x00000000d5848000,0x00000000d5900000)
  to   space 512K, 0% used [0x00000000d5980000,0x00000000d5980000,0x00000000d5a00000)
 ParOldGen       total 412160K, used 411738K [0x0000000080000000, 0x0000000099280000, 0x00000000d5580000)
  object space 412160K, 99% used [0x0000000080000000,0x0000000099216a40,0x0000000099280000)
 Metaspace       used 105626K, committed 107392K, reserved 1179648K
  class space    used 10433K, committed 11264K, reserved 1048576K
}
Event: 14509.275 GC heap after
{Heap after GC invocations=9935 (full 12):
 PSYoungGen      total 3072K, used 288K [0x00000000d5580000, 0x00000000d5a00000, 0x0000000100000000)
  eden space 2560K, 0% used [0x00000000d5580000,0x00000000d5580000,0x00000000d5800000)
  from space 512K, 56% used [0x00000000d5980000,0x00000000d59c8000,0x00000000d5a00000)
  to   space 512K, 0% used [0x00000000d5900000,0x00000000d5900000,0x00000000d5980000)
 ParOldGen       total 412160K, used 411794K [0x0000000080000000, 0x0000000099280000, 0x00000000d5580000)
  object space 412160K, 99% used [0x0000000080000000,0x0000000099224a40,0x0000000099280000)
 Metaspace       used 105626K, committed 107392K, reserved 1179648K
  class space    used 10433K, committed 11264K, reserved 1048576K
}
Event: 14509.591 GC heap before
{Heap before GC invocations=9936 (full 12):
 PSYoungGen      total 3072K, used 2848K [0x00000000d5580000, 0x00000000d5a00000, 0x0000000100000000)
  eden space 2560K, 100% used [0x00000000d5580000,0x00000000d5800000,0x00000000d5800000)
  from space 512K, 56% used [0x00000000d5980000,0x00000000d59c8000,0x00000000d5a00000)
  to   space 512K, 0% used [0x00000000d5900000,0x00000000d5900000,0x00000000d5980000)
 ParOldGen       total 412160K, used 411794K [0x0000000080000000, 0x0000000099280000, 0x00000000d5580000)
  object space 412160K, 99% used [0x0000000080000000,0x0000000099224a40,0x0000000099280000)
 Metaspace       used 105626K, committed 107392K, reserved 1179648K
  class space    used 10433K, committed 11264K, reserved 1048576K
}
Event: 14509.592 GC heap after
{Heap after GC invocations=9936 (full 12):
 PSYoungGen      total 3072K, used 480K [0x00000000d5580000, 0x00000000d5a00000, 0x0000000100000000)
  eden space 2560K, 0% used [0x00000000d5580000,0x00000000d5580000,0x00000000d5800000)
  from space 512K, 93% used [0x00000000d5900000,0x00000000d5978020,0x00000000d5980000)
  to   space 512K, 0% used [0x00000000d5980000,0x00000000d5980000,0x00000000d5a00000)
 ParOldGen       total 412160K, used 411874K [0x0000000080000000, 0x0000000099280000, 0x00000000d5580000)
  object space 412160K, 99% used [0x0000000080000000,0x0000000099238a40,0x0000000099280000)
 Metaspace       used 105626K, committed 107392K, reserved 1179648K
  class space    used 10433K, committed 11264K, reserved 1048576K
}
Event: 14509.596 GC heap before
{Heap before GC invocations=9937 (full 12):
 PSYoungGen      total 3072K, used 3040K [0x00000000d5580000, 0x00000000d5a00000, 0x0000000100000000)
  eden space 2560K, 100% used [0x00000000d5580000,0x00000000d5800000,0x00000000d5800000)
  from space 512K, 93% used [0x00000000d5900000,0x00000000d5978020,0x00000000d5980000)
  to   space 512K, 0% used [0x00000000d5980000,0x00000000d5980000,0x00000000d5a00000)
 ParOldGen       total 412160K, used 411874K [0x0000000080000000, 0x0000000099280000, 0x00000000d5580000)
  object space 412160K, 99% used [0x0000000080000000,0x0000000099238a40,0x0000000099280000)
 Metaspace       used 105626K, committed 107392K, reserved 1179648K
  class space    used 10433K, committed 11264K, reserved 1048576K
}
Event: 14509.597 GC heap after
{Heap after GC invocations=9937 (full 12):
 PSYoungGen      total 3072K, used 320K [0x00000000d5580000, 0x00000000d5a00000, 0x0000000100000000)
  eden space 2560K, 0% used [0x00000000d5580000,0x00000000d5580000,0x00000000d5800000)
  from space 512K, 62% used [0x00000000d5980000,0x00000000d59d0000,0x00000000d5a00000)
  to   space 512K, 0% used [0x00000000d5900000,0x00000000d5900000,0x00000000d5980000)
 ParOldGen       total 412160K, used 412122K [0x0000000080000000, 0x0000000099280000, 0x00000000d5580000)
  object space 412160K, 99% used [0x0000000080000000,0x0000000099276ab0,0x0000000099280000)
 Metaspace       used 105626K, committed 107392K, reserved 1179648K
  class space    used 10433K, committed 11264K, reserved 1048576K
}
Event: 14527.549 GC heap before
{Heap before GC invocations=9938 (full 12):
 PSYoungGen      total 3072K, used 2873K [0x00000000d5580000, 0x00000000d5a00000, 0x0000000100000000)
  eden space 2560K, 99% used [0x00000000d5580000,0x00000000d57fe700,0x00000000d5800000)
  from space 512K, 62% used [0x00000000d5980000,0x00000000d59d0000,0x00000000d5a00000)
  to   space 512K, 0% used [0x00000000d5900000,0x00000000d5900000,0x00000000d5980000)
 ParOldGen       total 412160K, used 412122K [0x0000000080000000, 0x0000000099280000, 0x00000000d5580000)
  object space 412160K, 99% used [0x0000000080000000,0x0000000099276ab0,0x0000000099280000)
 Metaspace       used 105675K, committed 107456K, reserved 1179648K
  class space    used 10437K, committed 11264K, reserved 1048576K
}
Event: 14527.550 GC heap after
{Heap after GC invocations=9938 (full 12):
 PSYoungGen      total 3072K, used 416K [0x00000000d5580000, 0x00000000d5a00000, 0x0000000100000000)
  eden space 2560K, 0% used [0x00000000d5580000,0x00000000d5580000,0x00000000d5800000)
  from space 512K, 81% used [0x00000000d5900000,0x00000000d5968000,0x00000000d5980000)
  to   space 512K, 0% used [0x00000000d5980000,0x00000000d5980000,0x00000000d5a00000)
 ParOldGen       total 412672K, used 412202K [0x0000000080000000, 0x0000000099300000, 0x00000000d5580000)
  object space 412672K, 99% used [0x0000000080000000,0x000000009928aab0,0x0000000099300000)
 Metaspace       used 105675K, committed 107456K, reserved 1179648K
  class space    used 10437K, committed 11264K, reserved 1048576K
}
Event: 14527.563 GC heap before
{Heap before GC invocations=9939 (full 12):
 PSYoungGen      total 3072K, used 2976K [0x00000000d5580000, 0x00000000d5a00000, 0x0000000100000000)
  eden space 2560K, 100% used [0x00000000d5580000,0x00000000d5800000,0x00000000d5800000)
  from space 512K, 81% used [0x00000000d5900000,0x00000000d5968000,0x00000000d5980000)
  to   space 512K, 0% used [0x00000000d5980000,0x00000000d5980000,0x00000000d5a00000)
 ParOldGen       total 444416K, used 442922K [0x0000000080000000, 0x000000009b200000, 0x00000000d5580000)
  object space 444416K, 99% used [0x0000000080000000,0x000000009b08aae0,0x000000009b200000)
 Metaspace       used 105675K, committed 107456K, reserved 1179648K
  class space    used 10437K, committed 11264K, reserved 1048576K
}
Event: 14527.564 GC heap after
{Heap after GC invocations=9939 (full 12):
 PSYoungGen      total 3072K, used 384K [0x00000000d5580000, 0x00000000d5a00000, 0x0000000100000000)
  eden space 2560K, 0% used [0x00000000d5580000,0x00000000d5580000,0x00000000d5800000)
  from space 512K, 75% used [0x00000000d5980000,0x00000000d59e0000,0x00000000d5a00000)
  to   space 512K, 0% used [0x00000000d5900000,0x00000000d5900000,0x00000000d5980000)
 ParOldGen       total 444416K, used 443058K [0x0000000080000000, 0x000000009b200000, 0x00000000d5580000)
  object space 444416K, 99% used [0x0000000080000000,0x000000009b0acae0,0x000000009b200000)
 Metaspace       used 105675K, committed 107456K, reserved 1179648K
  class space    used 10437K, committed 11264K, reserved 1048576K
}

